#
# A fatal error has been detected by the Java Runtime Environment:
#
#  EXCEPTION_ACCESS_VIOLATION (0xc0000005) at pc=0x00007ff95d330e10, pid=11296, tid=13932
#
# JRE version: Java(TM) SE Runtime Environment (12.0.1+12) (build 12.0.1+12)
# Java VM: Java HotSpot(TM) 64-Bit Server VM (12.0.1+12, mixed mode, sharing, tiered, compressed oops, g1 gc, windows-amd64)
# Problematic frame:
# V  [jvm.dll+0x540e10]
#
# No core dump will be written. Minidumps are not enabled by default on client versions of Windows
#
# If you would like to submit a bug report, please visit:
#   http://bugreport.java.com/bugreport/crash.jsp
#

---------------  S U M M A R Y ------------

Command Line: -Dfile.encoding=GBK demo.Search

Host: Intel(R) Core(TM) i5-6200U CPU @ 2.30GHz, 4 cores, 7G,  Windows 10 , 64 bit Build 17763 (10.0.17763.475)
Time: Fri Jun 28 23:41:17 2019 ?D1¨²¡À¨º¡Á?¨º¡À?? elapsed time: 1 seconds (0d 0h 0m 1s)

---------------  T H R E A D  ---------------

Current thread (0x0000024f3b877000):  JavaThread "main" [_thread_in_vm, id=13932, stack(0x0000009b19d00000,0x0000009b19e00000)]

Stack: [0x0000009b19d00000,0x0000009b19e00000],  sp=0x0000009b19dfeae8,  free space=1018k
Native frames: (J=compiled Java code, j=interpreted, Vv=VM code, C=native code)
V  [jvm.dll+0x540e10]

Java frames: (J=compiled Java code, j=interpreted, Vv=VM code)
j  jpcap.JpcapSender.nativeSendPacket(Ljpcap/packet/Packet;)V+0
j  jpcap.JpcapSender.sendPacket(Ljpcap/packet/Packet;)V+19
j  demo.Search.make_packet(Ljava/net/InetAddress;)Ljpcap/packet/ARPPacket;+347
j  demo.Search.main([Ljava/lang/String;)V+21
v  ~StubRoutines::call_stub

siginfo: EXCEPTION_ACCESS_VIOLATION (0xc0000005), reading address 0x0000000000000000


Register to memory mapping:

RIP=0x00007ff95d330e10 jvm.dll
RAX=0x0 is NULL
RBX=0x0000024f3b877000 is a thread
RCX=0x0 is NULL
RDX=0x0000000000000006 is an unknown value
RSP=0x0000009b19dfeae8 is pointing into the stack for thread: 0x0000024f3b877000
RBP=0x0 is NULL
RSI=0x0000000000000006 is an unknown value
RDI=0x0000024f3b877000 is a thread
R8 =0x0 is NULL
R9 =0x0000000000000006 is an unknown value
R10=0x00007ff95d801de0 jvm.dll
R11=0x0000009b19dfeb30 is pointing into the stack for thread: 0x0000024f3b877000
R12=0x0 is NULL
R13=0x0000009b19dff330 is pointing into the stack for thread: 0x0000024f3b877000
R14=0x0000009b19dfec00 is pointing into the stack for thread: 0x0000024f3b877000
R15=0x0 is NULL


Registers:
RAX=0x0000000000000000, RBX=0x0000024f3b877000, RCX=0x0000000000000000, RDX=0x0000000000000006
RSP=0x0000009b19dfeae8, RBP=0x0000000000000000, RSI=0x0000000000000006, RDI=0x0000024f3b877000
R8 =0x0000000000000000, R9 =0x0000000000000006, R10=0x00007ff95d801de0, R11=0x0000009b19dfeb30
R12=0x0000000000000000, R13=0x0000009b19dff330, R14=0x0000009b19dfec00, R15=0x0000000000000000
RIP=0x00007ff95d330e10, EFLAGS=0x0000000000010246

Top of Stack: (sp=0x0000009b19dfeae8)
0x0000009b19dfeae8:   00007ff95d1d525d 0000024f3b877000
0x0000009b19dfeaf8:   0000024f3b877000 0000024f5a0e2eb8
0x0000009b19dfeb08:   0000024f3b877000 0000024f3b877000
0x0000009b19dfeb18:   0000000000000000 0000024f3b877000
0x0000009b19dfeb28:   0000000000000000 0000024f3b877000
0x0000009b19dfeb38:   0000009b19dfec20 0000024f3b877000
0x0000009b19dfeb48:   0000009b19dfec20 0000009b19dfec20
0x0000009b19dfeb58:   00000001800042d4 0000000000000000
0x0000009b19dfeb68:   0000024f59ae7d68 0000024f3b877330
0x0000009b19dfeb78:   0000000000000000 0000009b19dfec26
0x0000009b19dfeb88:   00007ff95cef9eae 0000000000000000
0x0000009b19dfeb98:   0000000180003532 0000000000000000
0x0000009b19dfeba8:   0000000180018600 0000009b19dff330
0x0000009b19dfebb8:   0000024f3b877330 0000024f3b877000
0x0000009b19dfebc8:   0000024f3b877000 0000024f3b877000
0x0000009b19dfebd8:   0000009b19dff338 0000024f5a0e9e60 

Instructions: (pc=0x00007ff95d330e10)
0x00007ff95d330df0:   de cc cc cc cc cc cc cc cc cc cc cc cc cc cc cc
0x00007ff95d330e00:   8b 41 20 c3 cc cc cc cc cc cc cc cc cc cc cc cc
0x00007ff95d330e10:   48 8b 01 c3 cc cc cc cc cc cc cc cc cc cc cc cc
0x00007ff95d330e20:   48 89 5c 24 08 48 89 74 24 10 57 48 83 ec 20 48 


Stack slot to memory mapping:
stack at sp + 0 slots: 0x00007ff95d1d525d jvm.dll
stack at sp + 1 slots: 0x0000024f3b877000 is a thread
stack at sp + 2 slots: 0x0000024f3b877000 is a thread
stack at sp + 3 slots: 0x0000024f5a0e2eb8 is pointing into metadata
stack at sp + 4 slots: 0x0000024f3b877000 is a thread
stack at sp + 5 slots: 0x0000024f3b877000 is a thread
stack at sp + 6 slots: 0x0 is NULL
stack at sp + 7 slots: 0x0000024f3b877000 is a thread


---------------  P R O C E S S  ---------------

Threads class SMR info:
_java_thread_list=0x0000024f5a5d0530, length=10, elements={
0x0000024f3b877000, 0x0000024f59c66800, 0x0000024f59c67800, 0x0000024f59c85800,
0x0000024f59c87800, 0x0000024f59c8a800, 0x0000024f59c9a800, 0x0000024f59ca8000,
0x0000024f5a5dc800, 0x0000024f5a5e3800
}

Java Threads: ( => current thread )
=>0x0000024f3b877000 JavaThread "main" [_thread_in_vm, id=13932, stack(0x0000009b19d00000,0x0000009b19e00000)]
  0x0000024f59c66800 JavaThread "Reference Handler" daemon [_thread_blocked, id=11736, stack(0x0000009b1a400000,0x0000009b1a500000)]
  0x0000024f59c67800 JavaThread "Finalizer" daemon [_thread_blocked, id=9552, stack(0x0000009b1a500000,0x0000009b1a600000)]
  0x0000024f59c85800 JavaThread "Signal Dispatcher" daemon [_thread_blocked, id=212, stack(0x0000009b1a600000,0x0000009b1a700000)]
  0x0000024f59c87800 JavaThread "Attach Listener" daemon [_thread_blocked, id=1672, stack(0x0000009b1a700000,0x0000009b1a800000)]
  0x0000024f59c8a800 JavaThread "C2 CompilerThread0" daemon [_thread_blocked, id=7704, stack(0x0000009b1a800000,0x0000009b1a900000)]
  0x0000024f59c9a800 JavaThread "C1 CompilerThread0" daemon [_thread_blocked, id=2304, stack(0x0000009b1a900000,0x0000009b1aa00000)]
  0x0000024f59ca8000 JavaThread "Sweeper thread" daemon [_thread_blocked, id=3024, stack(0x0000009b1aa00000,0x0000009b1ab00000)]
  0x0000024f5a5dc800 JavaThread "Service Thread" daemon [_thread_blocked, id=2288, stack(0x0000009b1ab00000,0x0000009b1ac00000)]
  0x0000024f5a5e3800 JavaThread "Common-Cleaner" daemon [_thread_blocked, id=5728, stack(0x0000009b1ad00000,0x0000009b1ae00000)]

Other Threads:
  0x0000024f59c61800 VMThread "VM Thread" [stack: 0x0000009b1a300000,0x0000009b1a400000] [id=4504]
  0x0000024f5a5e2000 WatcherThread [stack: 0x0000009b1ac00000,0x0000009b1ad00000] [id=11132]
  0x0000024f3b8b5000 GCTaskThread "GC Thread#0" [stack: 0x0000009b19e00000,0x0000009b19f00000] [id=2624]
  0x0000024f3b8c5800 ConcurrentGCThread "G1 Main Marker" [stack: 0x0000009b19f00000,0x0000009b1a000000] [id=12308]
  0x0000024f3b8c8000 ConcurrentGCThread "G1 Conc#0" [stack: 0x0000009b1a000000,0x0000009b1a100000] [id=13168]
  0x0000024f3b94d800 ConcurrentGCThread "G1 Refine#0" [stack: 0x0000009b1a100000,0x0000009b1a200000] [id=5388]
  0x0000024f3b94e800 ConcurrentGCThread "G1 Young RemSet Sampling" [stack: 0x0000009b1a200000,0x0000009b1a300000] [id=9936]

Threads with active compile tasks:

VM state:not at safepoint (normal execution)

VM Mutex/Monitor currently owned by a thread: None

Heap address: 0x0000000081e00000, size: 2018 MB, Compressed Oops mode: 32-bit
Narrow klass base: 0x0000000800000000, Narrow klass shift: 3
Compressed class space size: 1073741824 Address: 0x00000008011a0000

Heap:
 garbage-first heap   total 131072K, used 1024K [0x0000000081e00000, 0x0000000100000000)
  region size 1024K, 2 young (2048K), 0 survivors (0K)
 Metaspace       used 463K, capacity 4600K, committed 4864K, reserved 1056768K
  class space    used 39K, capacity 424K, committed 512K, reserved 1048576K
Heap Regions: E=young(eden), S=young(survivor), O=old, HS=humongous(starts), HC=humongous(continues), CS=collection set, F=free, A=archive, TAMS=top-at-mark-start (previous, next)
|   0|0x0000000081e00000, 0x0000000081e00000, 0x0000000081f00000|  0%| F|  |TAMS 0x0000000081e00000, 0x0000000081e00000| Untracked 
|   1|0x0000000081f00000, 0x0000000081f00000, 0x0000000082000000|  0%| F|  |TAMS 0x0000000081f00000, 0x0000000081f00000| Untracked 
|   2|0x0000000082000000, 0x0000000082000000, 0x0000000082100000|  0%| F|  |TAMS 0x0000000082000000, 0x0000000082000000| Untracked 
|   3|0x0000000082100000, 0x0000000082100000, 0x0000000082200000|  0%| F|  |TAMS 0x0000000082100000, 0x0000000082100000| Untracked 
|   4|0x0000000082200000, 0x0000000082200000, 0x0000000082300000|  0%| F|  |TAMS 0x0000000082200000, 0x0000000082200000| Untracked 
|   5|0x0000000082300000, 0x0000000082300000, 0x0000000082400000|  0%| F|  |TAMS 0x0000000082300000, 0x0000000082300000| Untracked 
|   6|0x0000000082400000, 0x0000000082400000, 0x0000000082500000|  0%| F|  |TAMS 0x0000000082400000, 0x0000000082400000| Untracked 
|   7|0x0000000082500000, 0x0000000082500000, 0x0000000082600000|  0%| F|  |TAMS 0x0000000082500000, 0x0000000082500000| Untracked 
|   8|0x0000000082600000, 0x0000000082600000, 0x0000000082700000|  0%| F|  |TAMS 0x0000000082600000, 0x0000000082600000| Untracked 
|   9|0x0000000082700000, 0x0000000082700000, 0x0000000082800000|  0%| F|  |TAMS 0x0000000082700000, 0x0000000082700000| Untracked 
|  10|0x0000000082800000, 0x0000000082800000, 0x0000000082900000|  0%| F|  |TAMS 0x0000000082800000, 0x0000000082800000| Untracked 
|  11|0x0000000082900000, 0x0000000082900000, 0x0000000082a00000|  0%| F|  |TAMS 0x0000000082900000, 0x0000000082900000| Untracked 
|  12|0x0000000082a00000, 0x0000000082a00000, 0x0000000082b00000|  0%| F|  |TAMS 0x0000000082a00000, 0x0000000082a00000| Untracked 
|  13|0x0000000082b00000, 0x0000000082b00000, 0x0000000082c00000|  0%| F|  |TAMS 0x0000000082b00000, 0x0000000082b00000| Untracked 
|  14|0x0000000082c00000, 0x0000000082c00000, 0x0000000082d00000|  0%| F|  |TAMS 0x0000000082c00000, 0x0000000082c00000| Untracked 
|  15|0x0000000082d00000, 0x0000000082d00000, 0x0000000082e00000|  0%| F|  |TAMS 0x0000000082d00000, 0x0000000082d00000| Untracked 
|  16|0x0000000082e00000, 0x0000000082e00000, 0x0000000082f00000|  0%| F|  |TAMS 0x0000000082e00000, 0x0000000082e00000| Untracked 
|  17|0x0000000082f00000, 0x0000000082f00000, 0x0000000083000000|  0%| F|  |TAMS 0x0000000082f00000, 0x0000000082f00000| Untracked 
|  18|0x0000000083000000, 0x0000000083000000, 0x0000000083100000|  0%| F|  |TAMS 0x0000000083000000, 0x0000000083000000| Untracked 
|  19|0x0000000083100000, 0x0000000083100000, 0x0000000083200000|  0%| F|  |TAMS 0x0000000083100000, 0x0000000083100000| Untracked 
|  20|0x0000000083200000, 0x0000000083200000, 0x0000000083300000|  0%| F|  |TAMS 0x0000000083200000, 0x0000000083200000| Untracked 
|  21|0x0000000083300000, 0x0000000083300000, 0x0000000083400000|  0%| F|  |TAMS 0x0000000083300000, 0x0000000083300000| Untracked 
|  22|0x0000000083400000, 0x0000000083400000, 0x0000000083500000|  0%| F|  |TAMS 0x0000000083400000, 0x0000000083400000| Untracked 
|  23|0x0000000083500000, 0x0000000083500000, 0x0000000083600000|  0%| F|  |TAMS 0x0000000083500000, 0x0000000083500000| Untracked 
|  24|0x0000000083600000, 0x0000000083600000, 0x0000000083700000|  0%| F|  |TAMS 0x0000000083600000, 0x0000000083600000| Untracked 
|  25|0x0000000083700000, 0x0000000083700000, 0x0000000083800000|  0%| F|  |TAMS 0x0000000083700000, 0x0000000083700000| Untracked 
|  26|0x0000000083800000, 0x0000000083800000, 0x0000000083900000|  0%| F|  |TAMS 0x0000000083800000, 0x0000000083800000| Untracked 
|  27|0x0000000083900000, 0x0000000083900000, 0x0000000083a00000|  0%| F|  |TAMS 0x0000000083900000, 0x0000000083900000| Untracked 
|  28|0x0000000083a00000, 0x0000000083a00000, 0x0000000083b00000|  0%| F|  |TAMS 0x0000000083a00000, 0x0000000083a00000| Untracked 
|  29|0x0000000083b00000, 0x0000000083b00000, 0x0000000083c00000|  0%| F|  |TAMS 0x0000000083b00000, 0x0000000083b00000| Untracked 
|  30|0x0000000083c00000, 0x0000000083c00000, 0x0000000083d00000|  0%| F|  |TAMS 0x0000000083c00000, 0x0000000083c00000| Untracked 
|  31|0x0000000083d00000, 0x0000000083d00000, 0x0000000083e00000|  0%| F|  |TAMS 0x0000000083d00000, 0x0000000083d00000| Untracked 
|  32|0x0000000083e00000, 0x0000000083e00000, 0x0000000083f00000|  0%| F|  |TAMS 0x0000000083e00000, 0x0000000083e00000| Untracked 
|  33|0x0000000083f00000, 0x0000000083f00000, 0x0000000084000000|  0%| F|  |TAMS 0x0000000083f00000, 0x0000000083f00000| Untracked 
|  34|0x0000000084000000, 0x0000000084000000, 0x0000000084100000|  0%| F|  |TAMS 0x0000000084000000, 0x0000000084000000| Untracked 
|  35|0x0000000084100000, 0x0000000084100000, 0x0000000084200000|  0%| F|  |TAMS 0x0000000084100000, 0x0000000084100000| Untracked 
|  36|0x0000000084200000, 0x0000000084200000, 0x0000000084300000|  0%| F|  |TAMS 0x0000000084200000, 0x0000000084200000| Untracked 
|  37|0x0000000084300000, 0x0000000084300000, 0x0000000084400000|  0%| F|  |TAMS 0x0000000084300000, 0x0000000084300000| Untracked 
|  38|0x0000000084400000, 0x0000000084400000, 0x0000000084500000|  0%| F|  |TAMS 0x0000000084400000, 0x0000000084400000| Untracked 
|  39|0x0000000084500000, 0x0000000084500000, 0x0000000084600000|  0%| F|  |TAMS 0x0000000084500000, 0x0000000084500000| Untracked 
|  40|0x0000000084600000, 0x0000000084600000, 0x0000000084700000|  0%| F|  |TAMS 0x0000000084600000, 0x0000000084600000| Untracked 
|  41|0x0000000084700000, 0x0000000084700000, 0x0000000084800000|  0%| F|  |TAMS 0x0000000084700000, 0x0000000084700000| Untracked 
|  42|0x0000000084800000, 0x0000000084800000, 0x0000000084900000|  0%| F|  |TAMS 0x0000000084800000, 0x0000000084800000| Untracked 
|  43|0x0000000084900000, 0x0000000084900000, 0x0000000084a00000|  0%| F|  |TAMS 0x0000000084900000, 0x0000000084900000| Untracked 
|  44|0x0000000084a00000, 0x0000000084a00000, 0x0000000084b00000|  0%| F|  |TAMS 0x0000000084a00000, 0x0000000084a00000| Untracked 
|  45|0x0000000084b00000, 0x0000000084b00000, 0x0000000084c00000|  0%| F|  |TAMS 0x0000000084b00000, 0x0000000084b00000| Untracked 
|  46|0x0000000084c00000, 0x0000000084c00000, 0x0000000084d00000|  0%| F|  |TAMS 0x0000000084c00000, 0x0000000084c00000| Untracked 
|  47|0x0000000084d00000, 0x0000000084d00000, 0x0000000084e00000|  0%| F|  |TAMS 0x0000000084d00000, 0x0000000084d00000| Untracked 
|  48|0x0000000084e00000, 0x0000000084e00000, 0x0000000084f00000|  0%| F|  |TAMS 0x0000000084e00000, 0x0000000084e00000| Untracked 
|  49|0x0000000084f00000, 0x0000000084f00000, 0x0000000085000000|  0%| F|  |TAMS 0x0000000084f00000, 0x0000000084f00000| Untracked 
|  50|0x0000000085000000, 0x0000000085000000, 0x0000000085100000|  0%| F|  |TAMS 0x0000000085000000, 0x0000000085000000| Untracked 
|  51|0x0000000085100000, 0x0000000085100000, 0x0000000085200000|  0%| F|  |TAMS 0x0000000085100000, 0x0000000085100000| Untracked 
|  52|0x0000000085200000, 0x0000000085200000, 0x0000000085300000|  0%| F|  |TAMS 0x0000000085200000, 0x0000000085200000| Untracked 
|  53|0x0000000085300000, 0x0000000085300000, 0x0000000085400000|  0%| F|  |TAMS 0x0000000085300000, 0x0000000085300000| Untracked 
|  54|0x0000000085400000, 0x0000000085400000, 0x0000000085500000|  0%| F|  |TAMS 0x0000000085400000, 0x0000000085400000| Untracked 
|  55|0x0000000085500000, 0x0000000085500000, 0x0000000085600000|  0%| F|  |TAMS 0x0000000085500000, 0x0000000085500000| Untracked 
|  56|0x0000000085600000, 0x0000000085600000, 0x0000000085700000|  0%| F|  |TAMS 0x0000000085600000, 0x0000000085600000| Untracked 
|  57|0x0000000085700000, 0x0000000085700000, 0x0000000085800000|  0%| F|  |TAMS 0x0000000085700000, 0x0000000085700000| Untracked 
|  58|0x0000000085800000, 0x0000000085800000, 0x0000000085900000|  0%| F|  |TAMS 0x0000000085800000, 0x0000000085800000| Untracked 
|  59|0x0000000085900000, 0x0000000085900000, 0x0000000085a00000|  0%| F|  |TAMS 0x0000000085900000, 0x0000000085900000| Untracked 
|  60|0x0000000085a00000, 0x0000000085a00000, 0x0000000085b00000|  0%| F|  |TAMS 0x0000000085a00000, 0x0000000085a00000| Untracked 
|  61|0x0000000085b00000, 0x0000000085b00000, 0x0000000085c00000|  0%| F|  |TAMS 0x0000000085b00000, 0x0000000085b00000| Untracked 
|  62|0x0000000085c00000, 0x0000000085c00000, 0x0000000085d00000|  0%| F|  |TAMS 0x0000000085c00000, 0x0000000085c00000| Untracked 
|  63|0x0000000085d00000, 0x0000000085d00000, 0x0000000085e00000|  0%| F|  |TAMS 0x0000000085d00000, 0x0000000085d00000| Untracked 
|  64|0x0000000085e00000, 0x0000000085e00000, 0x0000000085f00000|  0%| F|  |TAMS 0x0000000085e00000, 0x0000000085e00000| Untracked 
|  65|0x0000000085f00000, 0x0000000085f00000, 0x0000000086000000|  0%| F|  |TAMS 0x0000000085f00000, 0x0000000085f00000| Untracked 
|  66|0x0000000086000000, 0x0000000086000000, 0x0000000086100000|  0%| F|  |TAMS 0x0000000086000000, 0x0000000086000000| Untracked 
|  67|0x0000000086100000, 0x0000000086100000, 0x0000000086200000|  0%| F|  |TAMS 0x0000000086100000, 0x0000000086100000| Untracked 
|  68|0x0000000086200000, 0x0000000086200000, 0x0000000086300000|  0%| F|  |TAMS 0x0000000086200000, 0x0000000086200000| Untracked 
|  69|0x0000000086300000, 0x0000000086300000, 0x0000000086400000|  0%| F|  |TAMS 0x0000000086300000, 0x0000000086300000| Untracked 
|  70|0x0000000086400000, 0x0000000086400000, 0x0000000086500000|  0%| F|  |TAMS 0x0000000086400000, 0x0000000086400000| Untracked 
|  71|0x0000000086500000, 0x0000000086500000, 0x0000000086600000|  0%| F|  |TAMS 0x0000000086500000, 0x0000000086500000| Untracked 
|  72|0x0000000086600000, 0x0000000086600000, 0x0000000086700000|  0%| F|  |TAMS 0x0000000086600000, 0x0000000086600000| Untracked 
|  73|0x0000000086700000, 0x0000000086700000, 0x0000000086800000|  0%| F|  |TAMS 0x0000000086700000, 0x0000000086700000| Untracked 
|  74|0x0000000086800000, 0x0000000086800000, 0x0000000086900000|  0%| F|  |TAMS 0x0000000086800000, 0x0000000086800000| Untracked 
|  75|0x0000000086900000, 0x0000000086900000, 0x0000000086a00000|  0%| F|  |TAMS 0x0000000086900000, 0x0000000086900000| Untracked 
|  76|0x0000000086a00000, 0x0000000086a00000, 0x0000000086b00000|  0%| F|  |TAMS 0x0000000086a00000, 0x0000000086a00000| Untracked 
|  77|0x0000000086b00000, 0x0000000086b00000, 0x0000000086c00000|  0%| F|  |TAMS 0x0000000086b00000, 0x0000000086b00000| Untracked 
|  78|0x0000000086c00000, 0x0000000086c00000, 0x0000000086d00000|  0%| F|  |TAMS 0x0000000086c00000, 0x0000000086c00000| Untracked 
|  79|0x0000000086d00000, 0x0000000086d00000, 0x0000000086e00000|  0%| F|  |TAMS 0x0000000086d00000, 0x0000000086d00000| Untracked 
|  80|0x0000000086e00000, 0x0000000086e00000, 0x0000000086f00000|  0%| F|  |TAMS 0x0000000086e00000, 0x0000000086e00000| Untracked 
|  81|0x0000000086f00000, 0x0000000086f00000, 0x0000000087000000|  0%| F|  |TAMS 0x0000000086f00000, 0x0000000086f00000| Untracked 
|  82|0x0000000087000000, 0x0000000087000000, 0x0000000087100000|  0%| F|  |TAMS 0x0000000087000000, 0x0000000087000000| Untracked 
|  83|0x0000000087100000, 0x0000000087100000, 0x0000000087200000|  0%| F|  |TAMS 0x0000000087100000, 0x0000000087100000| Untracked 
|  84|0x0000000087200000, 0x0000000087200000, 0x0000000087300000|  0%| F|  |TAMS 0x0000000087200000, 0x0000000087200000| Untracked 
|  85|0x0000000087300000, 0x0000000087300000, 0x0000000087400000|  0%| F|  |TAMS 0x0000000087300000, 0x0000000087300000| Untracked 
|  86|0x0000000087400000, 0x0000000087400000, 0x0000000087500000|  0%| F|  |TAMS 0x0000000087400000, 0x0000000087400000| Untracked 
|  87|0x0000000087500000, 0x0000000087500000, 0x0000000087600000|  0%| F|  |TAMS 0x0000000087500000, 0x0000000087500000| Untracked 
|  88|0x0000000087600000, 0x0000000087600000, 0x0000000087700000|  0%| F|  |TAMS 0x0000000087600000, 0x0000000087600000| Untracked 
|  89|0x0000000087700000, 0x0000000087700000, 0x0000000087800000|  0%| F|  |TAMS 0x0000000087700000, 0x0000000087700000| Untracked 
|  90|0x0000000087800000, 0x0000000087800000, 0x0000000087900000|  0%| F|  |TAMS 0x0000000087800000, 0x0000000087800000| Untracked 
|  91|0x0000000087900000, 0x0000000087900000, 0x0000000087a00000|  0%| F|  |TAMS 0x0000000087900000, 0x0000000087900000| Untracked 
|  92|0x0000000087a00000, 0x0000000087a00000, 0x0000000087b00000|  0%| F|  |TAMS 0x0000000087a00000, 0x0000000087a00000| Untracked 
|  93|0x0000000087b00000, 0x0000000087b00000, 0x0000000087c00000|  0%| F|  |TAMS 0x0000000087b00000, 0x0000000087b00000| Untracked 
|  94|0x0000000087c00000, 0x0000000087c00000, 0x0000000087d00000|  0%| F|  |TAMS 0x0000000087c00000, 0x0000000087c00000| Untracked 
|  95|0x0000000087d00000, 0x0000000087d00000, 0x0000000087e00000|  0%| F|  |TAMS 0x0000000087d00000, 0x0000000087d00000| Untracked 
|  96|0x0000000087e00000, 0x0000000087e00000, 0x0000000087f00000|  0%| F|  |TAMS 0x0000000087e00000, 0x0000000087e00000| Untracked 
|  97|0x0000000087f00000, 0x0000000087f00000, 0x0000000088000000|  0%| F|  |TAMS 0x0000000087f00000, 0x0000000087f00000| Untracked 
|  98|0x0000000088000000, 0x0000000088000000, 0x0000000088100000|  0%| F|  |TAMS 0x0000000088000000, 0x0000000088000000| Untracked 
|  99|0x0000000088100000, 0x0000000088100000, 0x0000000088200000|  0%| F|  |TAMS 0x0000000088100000, 0x0000000088100000| Untracked 
| 100|0x0000000088200000, 0x0000000088200000, 0x0000000088300000|  0%| F|  |TAMS 0x0000000088200000, 0x0000000088200000| Untracked 
| 101|0x0000000088300000, 0x0000000088300000, 0x0000000088400000|  0%| F|  |TAMS 0x0000000088300000, 0x0000000088300000| Untracked 
| 102|0x0000000088400000, 0x0000000088400000, 0x0000000088500000|  0%| F|  |TAMS 0x0000000088400000, 0x0000000088400000| Untracked 
| 103|0x0000000088500000, 0x0000000088500000, 0x0000000088600000|  0%| F|  |TAMS 0x0000000088500000, 0x0000000088500000| Untracked 
| 104|0x0000000088600000, 0x0000000088600000, 0x0000000088700000|  0%| F|  |TAMS 0x0000000088600000, 0x0000000088600000| Untracked 
| 105|0x0000000088700000, 0x0000000088700000, 0x0000000088800000|  0%| F|  |TAMS 0x0000000088700000, 0x0000000088700000| Untracked 
| 106|0x0000000088800000, 0x0000000088800000, 0x0000000088900000|  0%| F|  |TAMS 0x0000000088800000, 0x0000000088800000| Untracked 
| 107|0x0000000088900000, 0x0000000088900000, 0x0000000088a00000|  0%| F|  |TAMS 0x0000000088900000, 0x0000000088900000| Untracked 
| 108|0x0000000088a00000, 0x0000000088a00000, 0x0000000088b00000|  0%| F|  |TAMS 0x0000000088a00000, 0x0000000088a00000| Untracked 
| 109|0x0000000088b00000, 0x0000000088b00000, 0x0000000088c00000|  0%| F|  |TAMS 0x0000000088b00000, 0x0000000088b00000| Untracked 
| 110|0x0000000088c00000, 0x0000000088c00000, 0x0000000088d00000|  0%| F|  |TAMS 0x0000000088c00000, 0x0000000088c00000| Untracked 
| 111|0x0000000088d00000, 0x0000000088d00000, 0x0000000088e00000|  0%| F|  |TAMS 0x0000000088d00000, 0x0000000088d00000| Untracked 
| 112|0x0000000088e00000, 0x0000000088e00000, 0x0000000088f00000|  0%| F|  |TAMS 0x0000000088e00000, 0x0000000088e00000| Untracked 
| 113|0x0000000088f00000, 0x0000000088f00000, 0x0000000089000000|  0%| F|  |TAMS 0x0000000088f00000, 0x0000000088f00000| Untracked 
| 114|0x0000000089000000, 0x0000000089000000, 0x0000000089100000|  0%| F|  |TAMS 0x0000000089000000, 0x0000000089000000| Untracked 
| 115|0x0000000089100000, 0x0000000089100000, 0x0000000089200000|  0%| F|  |TAMS 0x0000000089100000, 0x0000000089100000| Untracked 
| 116|0x0000000089200000, 0x0000000089200000, 0x0000000089300000|  0%| F|  |TAMS 0x0000000089200000, 0x0000000089200000| Untracked 
| 117|0x0000000089300000, 0x0000000089300000, 0x0000000089400000|  0%| F|  |TAMS 0x0000000089300000, 0x0000000089300000| Untracked 
| 118|0x0000000089400000, 0x0000000089400000, 0x0000000089500000|  0%| F|  |TAMS 0x0000000089400000, 0x0000000089400000| Untracked 
| 119|0x0000000089500000, 0x0000000089500000, 0x0000000089600000|  0%| F|  |TAMS 0x0000000089500000, 0x0000000089500000| Untracked 
| 120|0x0000000089600000, 0x0000000089600000, 0x0000000089700000|  0%| F|  |TAMS 0x0000000089600000, 0x0000000089600000| Untracked 
| 121|0x0000000089700000, 0x0000000089700000, 0x0000000089800000|  0%| F|  |TAMS 0x0000000089700000, 0x0000000089700000| Untracked 
| 122|0x0000000089800000, 0x0000000089800000, 0x0000000089900000|  0%| F|  |TAMS 0x0000000089800000, 0x0000000089800000| Untracked 
| 123|0x0000000089900000, 0x0000000089900000, 0x0000000089a00000|  0%| F|  |TAMS 0x0000000089900000, 0x0000000089900000| Untracked 
| 124|0x0000000089a00000, 0x0000000089a00000, 0x0000000089b00000|  0%| F|  |TAMS 0x0000000089a00000, 0x0000000089a00000| Untracked 
| 125|0x0000000089b00000, 0x0000000089b00000, 0x0000000089c00000|  0%| F|  |TAMS 0x0000000089b00000, 0x0000000089b00000| Untracked 
| 126|0x0000000089c00000, 0x0000000089c913c0, 0x0000000089d00000| 56%| E|  |TAMS 0x0000000089c00000, 0x0000000089c00000| Complete 
| 127|0x0000000089d00000, 0x0000000089e00000, 0x0000000089e00000|100%| E|CS|TAMS 0x0000000089d00000, 0x0000000089d00000| Complete 

Card table byte_map: [0x0000024f53080000,0x0000024f53480000] _byte_map_base: 0x0000024f52c71000

Marking Bits (Prev, Next): (CMBitMap*) 0x0000024f3b8b5b98, (CMBitMap*) 0x0000024f3b8b5bd8
 Prev Bits: [0x0000024f53880000, 0x0000024f55808000)
 Next Bits: [0x0000024f55810000, 0x0000024f57798000)

Polling page: 0x0000024f399f0000

Metaspace:

Usage:
  Non-class:      4.08 MB capacity,   424.28 KB ( 10%) used,     3.66 MB ( 90%) free+waste,   384 bytes ( <1%) overhead. 
      Class:    424.00 KB capacity,    39.46 KB (  9%) used,   384.16 KB ( 91%) free+waste,   384 bytes ( <1%) overhead. 
       Both:      4.49 MB capacity,   463.74 KB ( 10%) used,     4.04 MB ( 90%) free+waste,   768 bytes ( <1%) overhead. 

Virtual space:
  Non-class space:        8.00 MB reserved,       4.25 MB ( 53%) committed 
      Class space:        1.00 GB reserved,     512.00 KB ( <1%) committed 
             Both:        1.01 GB reserved,       4.75 MB ( <1%) committed 

Chunk freelists:
   Non-Class:  6.00 KB
       Class:  3.00 KB
        Both:  9.00 KB

CodeHeap 'non-profiled nmethods': size=120064Kb used=25Kb max_used=25Kb free=120038Kb
 bounds [0x0000024f4b740000, 0x0000024f4b9b0000, 0x0000024f52c80000]
CodeHeap 'profiled nmethods': size=120000Kb used=193Kb max_used=193Kb free=119806Kb
 bounds [0x0000024f44210000, 0x0000024f44480000, 0x0000024f4b740000]
CodeHeap 'non-nmethods': size=5696Kb used=1051Kb max_used=1057Kb free=4644Kb
 bounds [0x0000024f43c80000, 0x0000024f43ef0000, 0x0000024f44210000]
 total_blobs=502 nmethods=122 adapters=235
 compilation: enabled
              stopped_count=0, restarted_count=0
 full_count=0

Compilation events (10 events):
Event: 1.190 Thread 0x0000024f59c9a800  118       3       java.lang.String::substring (58 bytes)
Event: 1.191 Thread 0x0000024f59c9a800 nmethod 118 0x0000024f4423e490 code [0x0000024f4423e6c0, 0x0000024f4423edd0]
Event: 1.191 Thread 0x0000024f59c9a800  119       3       java.lang.String::lastIndexOf (29 bytes)
Event: 1.191 Thread 0x0000024f59c9a800 nmethod 119 0x0000024f4423f010 code [0x0000024f4423f200, 0x0000024f4423f500]
Event: 1.214 Thread 0x0000024f59c9a800  120       1       java.net.URL::getProtocol (5 bytes)
Event: 1.215 Thread 0x0000024f59c9a800 nmethod 120 0x0000024f4b746090 code [0x0000024f4b746240, 0x0000024f4b746378]
Event: 1.215 Thread 0x0000024f59c9a800  121       3       java.lang.String::startsWith (138 bytes)
Event: 1.215 Thread 0x0000024f59c9a800 nmethod 121 0x0000024f4423f610 code [0x0000024f4423f860, 0x0000024f44240298]
Event: 1.215 Thread 0x0000024f59c9a800  122       1       java.util.zip.Inflater$InflaterZStreamRef::address (5 bytes)
Event: 1.215 Thread 0x0000024f59c9a800 nmethod 122 0x0000024f4b746410 code [0x0000024f4b7465c0, 0x0000024f4b7466f8]

GC Heap History (0 events):
No events

Deoptimization events (1 events):
Event: 0.104 Thread 0x0000024f3b877000 Uncommon trap: reason=unstable_if action=reinterpret pc=0x0000024f4b7446a4 method=java.lang.String.hashCode()I @ 14 c2

Classes redefined (0 events):
No events

Internal exceptions (0 events):
No events

Events (10 events):
Event: 1.188 loading class jpcap/packet/TCPPacket
Event: 1.188 loading class jpcap/packet/TCPPacket done
Event: 1.189 loading class jpcap/packet/UDPPacket
Event: 1.189 loading class jpcap/packet/UDPPacket done
Event: 1.190 loading class jpcap/packet/ICMPPacket
Event: 1.190 loading class jpcap/packet/ICMPPacket done
Event: 1.190 loading class jpcap/packet/IPv6Option
Event: 1.190 loading class jpcap/packet/IPv6Option done
Event: 1.214 loading class jpcap/JpcapSender
Event: 1.214 loading class jpcap/JpcapSender done


Dynamic libraries:
0x00007ff733bd0000 - 0x00007ff733bdf000 	C:\Program Files\Java\jdk-12.0.1\bin\javaw.exe
0x00007ff999b10000 - 0x00007ff999cfd000 	C:\WINDOWS\SYSTEM32\ntdll.dll
0x00007ff996e70000 - 0x00007ff996f23000 	C:\WINDOWS\System32\KERNEL32.DLL
0x00007ff996700000 - 0x00007ff996993000 	C:\WINDOWS\System32\KERNELBASE.dll
0x00007ff996c40000 - 0x00007ff996d3a000 	C:\WINDOWS\System32\ucrtbase.dll
0x00007ff992870000 - 0x00007ff992886000 	C:\Program Files\Java\jdk-12.0.1\bin\VCRUNTIME140.dll
0x00007ff98a630000 - 0x00007ff98a648000 	C:\Program Files\Java\jdk-12.0.1\bin\jli.dll
0x00007ff9971f0000 - 0x00007ff997293000 	C:\WINDOWS\System32\ADVAPI32.dll
0x00007ff997300000 - 0x00007ff99739e000 	C:\WINDOWS\System32\msvcrt.dll
0x00007ff996dd0000 - 0x00007ff996e6e000 	C:\WINDOWS\System32\sechost.dll
0x00007ff997060000 - 0x00007ff997182000 	C:\WINDOWS\System32\RPCRT4.dll
0x00007ff9978c0000 - 0x00007ff997a57000 	C:\WINDOWS\System32\USER32.dll
0x00007ff987640000 - 0x00007ff9878b9000 	C:\WINDOWS\WinSxS\amd64_microsoft.windows.common-controls_6595b64144ccf1df_6.0.17763.557_none_05b63f68071e5b9f\COMCTL32.dll
0x00007ff997520000 - 0x00007ff99784c000 	C:\WINDOWS\System32\combase.dll
0x00007ff9963b0000 - 0x00007ff99642e000 	C:\WINDOWS\System32\bcryptPrimitives.dll
0x00007ff995be0000 - 0x00007ff995c00000 	C:\WINDOWS\System32\win32u.dll
0x00007ff999900000 - 0x00007ff999929000 	C:\WINDOWS\System32\GDI32.dll
0x00007ff996a80000 - 0x00007ff996c1a000 	C:\WINDOWS\System32\gdi32full.dll
0x00007ff996430000 - 0x00007ff9964d0000 	C:\WINDOWS\System32\msvcp_win.dll
0x00007ff9870e0000 - 0x00007ff9870ea000 	C:\WINDOWS\SYSTEM32\VERSION.dll
0x00007ff9974f0000 - 0x00007ff99751e000 	C:\WINDOWS\System32\IMM32.DLL
0x00007ff974dc0000 - 0x00007ff974e6a000 	C:\Program Files\Java\jdk-12.0.1\bin\msvcp140.dll
0x00007ff95cdf0000 - 0x00007ff95d964000 	C:\Program Files\Java\jdk-12.0.1\bin\server\jvm.dll
0x00007ff996dc0000 - 0x00007ff996dc8000 	C:\WINDOWS\System32\PSAPI.DLL
0x00007ff992860000 - 0x00007ff992869000 	C:\WINDOWS\SYSTEM32\WSOCK32.dll
0x00007ff991c10000 - 0x00007ff991c34000 	C:\WINDOWS\SYSTEM32\WINMM.dll
0x00007ff997850000 - 0x00007ff9978bd000 	C:\WINDOWS\System32\WS2_32.dll
0x00007ff991be0000 - 0x00007ff991c0d000 	C:\WINDOWS\SYSTEM32\WINMMBASE.dll
0x00007ff9966b0000 - 0x00007ff9966fa000 	C:\WINDOWS\System32\cfgmgr32.dll
0x00007ff995b70000 - 0x00007ff995b81000 	C:\WINDOWS\System32\kernel.appcore.dll
0x00007ff990e90000 - 0x00007ff990ea1000 	C:\Program Files\Java\jdk-12.0.1\bin\verify.dll
0x00007ff9871b0000 - 0x00007ff98739d000 	C:\WINDOWS\SYSTEM32\DBGHELP.DLL
0x00007ff986fa0000 - 0x00007ff986fca000 	C:\WINDOWS\SYSTEM32\dbgcore.DLL
0x00007ff984960000 - 0x00007ff984986000 	C:\Program Files\Java\jdk-12.0.1\bin\java.dll
0x00007ff98a330000 - 0x00007ff98a347000 	C:\Program Files\Java\jdk-12.0.1\bin\zip.dll
0x00007ff992730000 - 0x00007ff99273a000 	C:\Program Files\Java\jdk-12.0.1\bin\jimage.dll
0x00007ff998050000 - 0x00007ff999540000 	C:\WINDOWS\System32\SHELL32.dll
0x00007ff999850000 - 0x00007ff9998f8000 	C:\WINDOWS\System32\shcore.dll
0x00007ff995c60000 - 0x00007ff9963aa000 	C:\WINDOWS\System32\windows.storage.dll
0x00007ff995bb0000 - 0x00007ff995bd4000 	C:\WINDOWS\System32\profapi.dll
0x00007ff995b10000 - 0x00007ff995b6d000 	C:\WINDOWS\System32\powrprof.dll
0x00007ff997190000 - 0x00007ff9971e2000 	C:\WINDOWS\System32\shlwapi.dll
0x00007ff996c20000 - 0x00007ff996c37000 	C:\WINDOWS\System32\cryptsp.dll
0x00007ff984910000 - 0x00007ff984929000 	C:\Program Files\Java\jdk-12.0.1\bin\net.dll
0x00007ff98aa60000 - 0x00007ff98ac37000 	C:\WINDOWS\SYSTEM32\urlmon.dll
0x00007ff98b410000 - 0x00007ff98b501000 	C:\WINDOWS\SYSTEM32\WINHTTP.dll
0x00007ff98a7b0000 - 0x00007ff98aa58000 	C:\WINDOWS\SYSTEM32\iertutil.dll
0x00007ff9954c0000 - 0x00007ff9954cc000 	C:\WINDOWS\SYSTEM32\CRYPTBASE.DLL
0x00007ff995340000 - 0x00007ff9953a7000 	C:\WINDOWS\system32\mswsock.dll
0x00007ff983eb0000 - 0x00007ff983ec3000 	C:\Program Files\Java\jdk-12.0.1\bin\nio.dll
0x00007ff9950b0000 - 0x00007ff9950ed000 	C:\WINDOWS\SYSTEM32\IPHLPAPI.DLL
0x00007ff997ee0000 - 0x00007ff997ee8000 	C:\WINDOWS\System32\NSI.dll
0x00007ff98ee70000 - 0x00007ff98ee86000 	C:\WINDOWS\SYSTEM32\dhcpcsvc6.DLL
0x00007ff98ee20000 - 0x00007ff98ee3c000 	C:\WINDOWS\SYSTEM32\dhcpcsvc.DLL
0x00007ff9950f0000 - 0x00007ff9951b6000 	C:\WINDOWS\SYSTEM32\DNSAPI.dll
0x0000000180000000 - 0x000000018002d000 	C:\Program Files\Java\jdk-12.0.1\bin\Jpcap.dll
0x0000024f5a8d0000 - 0x0000024f5a935000 	C:\WINDOWS\SYSTEM32\wpcap.dll
0x0000024f5a940000 - 0x0000024f5a95f000 	C:\WINDOWS\SYSTEM32\packet.dll

dbghelp: loaded successfully - version: 4.0.5 - missing functions: none
symbol engine: initialized successfully - sym options: 0x614 - pdb path: .;C:\Program Files\Java\jdk-12.0.1\bin;C:\WINDOWS\SYSTEM32;C:\WINDOWS\WinSxS\amd64_microsoft.windows.common-controls_6595b64144ccf1df_6.0.17763.557_none_05b63f68071e5b9f;C:\Program Files\Java\jdk-12.0.1\bin\server

VM Arguments:
jvm_args: -Dfile.encoding=GBK 
java_command: demo.Search
java_class_path (initial): D:\eclipse\¼ÆÍø¿ÎÉè\bin;D:\jar\jpcap.jar
Launcher Type: SUN_STANDARD

[Global flags]
     intx CICompilerCount                          = 3                                         {product} {ergonomic}
     uint ConcGCThreads                            = 1                                         {product} {ergonomic}
     uint G1ConcRefinementThreads                  = 4                                         {product} {ergonomic}
   size_t G1HeapRegionSize                         = 1048576                                   {product} {ergonomic}
    uintx GCDrainStackTargetSize                   = 64                                        {product} {ergonomic}
   size_t InitialHeapSize                          = 134217728                                 {product} {ergonomic}
   size_t MarkStackSize                            = 4194304                                   {product} {ergonomic}
   size_t MaxHeapSize                              = 2116026368                                {product} {ergonomic}
   size_t MaxNewSize                               = 1268776960                                {product} {ergonomic}
   size_t MinHeapDeltaBytes                        = 1048576                                   {product} {ergonomic}
    uintx NonNMethodCodeHeapSize                   = 5830732                                {pd product} {ergonomic}
    uintx NonProfiledCodeHeapSize                  = 122913754                              {pd product} {ergonomic}
    uintx ProfiledCodeHeapSize                     = 122913754                              {pd product} {ergonomic}
    uintx ReservedCodeCacheSize                    = 251658240                              {pd product} {ergonomic}
     bool SegmentedCodeCache                       = true                                      {product} {ergonomic}
     bool UseCompressedClassPointers               = true                                 {lp64_product} {ergonomic}
     bool UseCompressedOops                        = true                                 {lp64_product} {ergonomic}
     bool UseG1GC                                  = true                                      {product} {ergonomic}
     bool UseLargePagesIndividualAllocation        = false                                  {pd product} {ergonomic}

Logging:
Log output configuration:
 #0: stdout all=warning uptime,level,tags
 #1: stderr all=off uptime,level,tags

Environment Variables:
JAVA_HOME=C:\Program Files\Java\jdk-12.0.1
PATH=C:/Program Files/Java/jdk-12.0.1/bin/server;C:/Program Files/Java/jdk-12.0.1/bin;C:\ProgramData\DockerDesktop\version-bin;C:\Program Files\Docker\Docker\Resources\bin;C:\ProgramData\Anaconda3;C:\ProgramData\Anaconda3\Library\mingw-w64\bin;C:\ProgramData\Anaconda3\Library\usr\bin;C:\ProgramData\Anaconda3\Library\bin;C:\ProgramData\Anaconda3\Scripts;C:\WINDOWS\system32;C:\WINDOWS;C:\WINDOWS\System32\Wbem;C:\WINDOWS\System32\WindowsPowerShell\v1.0\;C:\WINDOWS\System32\OpenSSH\;C:\Program Files\Redis\;C:\Program Files\MySQL\MySQL Server 8.0\bin\;C:\Program Files\Java\jdk-12.0.1\bin;C:\Program Files\Apache\maven\bin;C:\Program Files\Git\cmd;C:\Users\luhanmin\AppData\Local\Microsoft\WindowsApps;C:\Program Files\Bandizip\;C:\Program Files\PyCharm\bin;C:\Program Files (x86)\mitmproxy\bin;C:\Users\luhanmin\AppData\Local\GitHubDesktop\bin;C:\Program Files\PyCharm Community Edition\bin;;C:\Program Files\eclipse;
USERNAME=luhanmin
OS=Windows_NT
PROCESSOR_IDENTIFIER=Intel64 Family 6 Model 78 Stepping 3, GenuineIntel



---------------  S Y S T E M  ---------------

OS: Windows 10 , 64 bit Build 17763 (10.0.17763.475)

CPU:total 4 (initial active 4) (2 cores per cpu, 2 threads per core) family 6 model 78 stepping 3, cmov, cx8, fxsr, mmx, sse, sse2, sse3, ssse3, sse4.1, sse4.2, popcnt, avx, avx2, aes, clmul, erms, 3dnowpref, lzcnt, ht, tsc, tscinvbit, bmi1, bmi2, adx, fma

Memory: 4k page, system-wide physical 8065M (3407M free)
TotalPageFile size 8577M (AvailPageFile size 1758M)
current process WorkingSet (physical memory assigned to process): 31M, peak: 31M
current process commit charge ("private bytes"): 200M, peak: 200M

vm_info: Java HotSpot(TM) 64-Bit Server VM (12.0.1+12) for windows-amd64 JRE (12.0.1+12), built on Apr  2 2019 14:02:19 by "mach5one" with MS VC++ 15.5 (VS2017)

END.
